

Processing ReferralsController#show (for 127.0.0.1 at 2008-06-06 01:12:29) [GET]
  Session ID: BAh7CjoLdmlzaXRzIgYxOgxjc3JmX2lkIiVmMjkyMTZjNGY0MDMwOTQxNWNm
MDRkN2I5OWI2ZDAyMDoMdXNlcl9pZGkGIgpmbGFzaElDOidBY3Rpb25Db250
cm9sbGVyOjpGbGFzaDo6Rmxhc2hIYXNoewY6CmRlYnVnIjJVc2VyIGNsaWNr
ZWQgbW9yZSB0aGFuIG9uY2Ugb24gdGhlIHNhbWUgbGluayAGOgpAdXNlZHsG
OwlGOg5yZXR1cm5fdG8w--08164014e848a5439f350d4630d847e5d10a2f9f
  Parameters: {"action"=>"show", "id"=>"1", "controller"=>"referrals"}
  [4;36;1mSQL (0.000250)[0m   [0;1mSET NAMES 'utf8'[0m
  [4;35;1mSQL (0.000072)[0m   [0mSET SQL_AUTO_IS_NULL=0[0m
  [4;36;1mUser Columns (0.001096)[0m   [0;1mSHOW FIELDS FROM `users`[0m
  [4;35;1mUser Load (0.000094)[0m   [0mSELECT * FROM `users` WHERE (`users`.`id` = 1) LIMIT 1[0m
  [4;36;1mReferral Columns (0.000678)[0m   [0;1mSHOW FIELDS FROM `referrals`[0m
  [4;35;1mReferral Load (0.000053)[0m   [0mSELECT * FROM `referrals` WHERE (`referrals`.`id` = 1) [0m
Rendering template within layouts/application
Rendering referrals/show
  [4;36;1mMenuItem Load (0.000079)[0m   [0;1mSELECT * FROM `menu_items` WHERE (parent_id is null) ORDER BY menu_items.position, menu_items.title[0m
  [4;35;1mMenuItem Columns (0.000512)[0m   [0mSHOW FIELDS FROM `menu_items`[0m
  [4;36;1mMenuItem Load (0.000050)[0m   [0;1mSELECT * FROM `menu_items` WHERE (`menu_items`.parent_id = 2) [0m
  [4;35;1mMenuItem Load (0.000046)[0m   [0mSELECT * FROM `menu_items` WHERE (`menu_items`.parent_id = 3) [0m
  [4;36;1mMenuItem Load (0.000035)[0m   [0;1mSELECT * FROM `menu_items` WHERE (`menu_items`.parent_id = 4) [0m
Rendered menu_items/_menu_list (0.00079)
  [4;35;1mPage Columns (0.000434)[0m   [0mSHOW FIELDS FROM `pages`[0m
  [4;36;1mPage Load (0.000045)[0m   [0;1mSELECT * FROM `pages` WHERE (`pages`.`id` = 1) [0m
  [4;35;1mMenuItem Load (0.000037)[0m   [0mSELECT * FROM `menu_items` WHERE (`menu_items`.parent_id = 1) [0m
Rendered menu_items/_menu_list (0.01175)
Rendered menu_items/_menu (0.01939)
Completed in 0.05054 (19 reqs/sec) | Rendering: 0.02532 (50%) | DB: 0.00348 (6%) | 200 OK [http://localhost/referrals/1]
  [4;36;1mSQL (0.000104)[0m   [0;1mSET NAMES 'utf8'[0m
  [4;35;1mSQL (0.000043)[0m   [0mSET SQL_AUTO_IS_NULL=0[0m
  [4;36;1mSQL (0.000219)[0m   [0;1mSHOW TABLES[0m
  [4;35;1mSQL (0.000101)[0m   [0mSELECT version FROM schema_migrations[0m
  [4;36;1mSQL (0.000046)[0m   [0;1mSELECT version FROM schema_migrations[0m
  [4;35;1mSQL (0.000050)[0m   [0mSELECT version FROM schema_migrations[0m
  [4;36;1mSQL (0.000042)[0m   [0;1mSELECT version FROM schema_migrations[0m
  [4;35;1mSQL (0.000049)[0m   [0mSELECT version FROM schema_migrations[0m
  [4;36;1mSQL (0.000041)[0m   [0;1mSELECT version FROM schema_migrations[0m
  [4;35;1mSQL (0.000049)[0m   [0mSELECT version FROM schema_migrations[0m
  [4;36;1mSQL (0.000041)[0m   [0;1mSELECT version FROM schema_migrations[0m
  [4;35;1mSQL (0.000049)[0m   [0mSELECT version FROM schema_migrations[0m
  [4;36;1mSQL (0.000041)[0m   [0;1mSELECT version FROM schema_migrations[0m
Migrating to CreateUsers (20080604024949)
  [4;35;1mSQL (0.000067)[0m   [0mSELECT version FROM schema_migrations[0m
Migrating to CreateAdminGuy (20080604040527)
  [4;36;1mSQL (0.000046)[0m   [0;1mSELECT version FROM schema_migrations[0m
Migrating to CreateNewsArticles (20080604130146)
  [4;35;1mSQL (0.000036)[0m   [0mSELECT version FROM schema_migrations[0m
Migrating to CreateCategories (20080604170419)
  [4;36;1mSQL (0.000036)[0m   [0;1mSELECT version FROM schema_migrations[0m
Migrating to CreatePages (20080604195242)
  [4;35;1mSQL (0.000036)[0m   [0mSELECT version FROM schema_migrations[0m
Migrating to CreateMenuItems (20080605020537)
  [4;36;1mSQL (0.000036)[0m   [0;1mSELECT version FROM schema_migrations[0m
Migrating to AddPositionToMenuItems (20080605205428)
  [4;35;1mSQL (0.000036)[0m   [0mSELECT version FROM schema_migrations[0m
Migrating to UpdatePositionOnMenuItems (20080605205832)
  [4;36;1mSQL (0.000036)[0m   [0;1mSELECT version FROM schema_migrations[0m
Migrating to CreateReferrals (20080606021003)
  [4;35;1mSQL (0.000036)[0m   [0mSELECT version FROM schema_migrations[0m
Migrating to CreateVisits (20080606024632)
  [4;36;1mSQL (0.000035)[0m   [0;1mSELECT version FROM schema_migrations[0m
Migrating to AddHostToVisit (20080606124326)
  [4;35;1mSQL (0.000036)[0m   [0mSELECT version FROM schema_migrations[0m
  [4;36;1mSQL (0.029846)[0m   [0;1mALTER TABLE `visits` ADD `referer_host` varchar(255)[0m
  [4;35;1mSQL (0.000298)[0m   [0mINSERT INTO schema_migrations (version) VALUES ('20080606124326')[0m
  [4;36;1mSQL (0.000308)[0m   [0;1mSELECT version FROM schema_migrations[0m
  [4;35;1mSQL (0.000149)[0m   [0mSHOW TABLES[0m
  [4;36;1mSQL (0.000335)[0m   [0;1mSHOW FIELDS FROM `categories`[0m
  [4;35;1mSQL (0.000270)[0m   [0mdescribe `categories`[0m
  [4;36;1mSQL (0.000131)[0m   [0;1mSHOW KEYS FROM `categories`[0m
  [4;35;1mSQL (0.000389)[0m   [0mSHOW FIELDS FROM `menu_items`[0m
  [4;36;1mSQL (0.000376)[0m   [0;1mdescribe `menu_items`[0m
  [4;35;1mSQL (0.000126)[0m   [0mSHOW KEYS FROM `menu_items`[0m
  [4;36;1mSQL (0.000433)[0m   [0;1mSHOW FIELDS FROM `news_articles`[0m
  [4;35;1mSQL (0.000425)[0m   [0mdescribe `news_articles`[0m
  [4;36;1mSQL (0.000139)[0m   [0;1mSHOW KEYS FROM `news_articles`[0m
  [4;35;1mSQL (0.000335)[0m   [0mSHOW FIELDS FROM `pages`[0m
  [4;36;1mSQL (0.000329)[0m   [0;1mdescribe `pages`[0m
  [4;35;1mSQL (0.000114)[0m   [0mSHOW KEYS FROM `pages`[0m
  [4;36;1mSQL (0.000359)[0m   [0;1mSHOW FIELDS FROM `referrals`[0m
  [4;35;1mSQL (0.000474)[0m   [0mdescribe `referrals`[0m
  [4;36;1mSQL (0.000123)[0m   [0;1mSHOW KEYS FROM `referrals`[0m
  [4;35;1mSQL (0.000434)[0m   [0mSHOW FIELDS FROM `users`[0m
  [4;36;1mSQL (0.000422)[0m   [0;1mdescribe `users`[0m
  [4;35;1mSQL (0.000158)[0m   [0mSHOW KEYS FROM `users`[0m
  [4;36;1mSQL (0.036841)[0m   [0;1mSHOW FIELDS FROM `visits`[0m
  [4;35;1mSQL (0.005639)[0m   [0mdescribe `visits`[0m
  [4;36;1mSQL (0.000241)[0m   [0;1mSHOW KEYS FROM `visits`[0m


Processing MainController#index (for 127.0.0.1 at 2008-06-06 11:04:04) [GET]
  Session ID: BAh7CjoLdmlzaXRzIgYxOgxjc3JmX2lkIiVmMjkyMTZjNGY0MDMwOTQxNWNm
MDRkN2I5OWI2ZDAyMDoMdXNlcl9pZGkGIgpmbGFzaElDOidBY3Rpb25Db250
cm9sbGVyOjpGbGFzaDo6Rmxhc2hIYXNoewY6CmRlYnVnIjJVc2VyIGNsaWNr
ZWQgbW9yZSB0aGFuIG9uY2Ugb24gdGhlIHNhbWUgbGluayAGOgpAdXNlZHsG
OwlUOg5yZXR1cm5fdG8w--3c4e42add36db7a6ea6ebda7e5a164d6fe48a748
  Parameters: {"action"=>"index", "controller"=>"main"}
  [4;36;1mSQL (0.000081)[0m   [0;1mSET NAMES 'utf8'[0m
  [4;35;1mSQL (0.000047)[0m   [0mSET SQL_AUTO_IS_NULL=0[0m
  [4;36;1mNewsArticle Load (0.000262)[0m   [0;1mSELECT * FROM `news_articles` WHERE (publish_at < '2008-06-06 11:04:04') ORDER BY publish_at desc LIMIT 0, 10[0m
Rendering template within layouts/application
Rendering main/index
  [4;35;1mNewsArticle Columns (0.000585)[0m   [0mSHOW FIELDS FROM `news_articles`[0m
  [4;36;1mMenuItem Load (0.000069)[0m   [0;1mSELECT * FROM `menu_items` WHERE (parent_id is null) ORDER BY menu_items.position, menu_items.title[0m
  [4;35;1mMenuItem Columns (0.000595)[0m   [0mSHOW FIELDS FROM `menu_items`[0m
  [4;36;1mMenuItem Load (0.000061)[0m   [0;1mSELECT * FROM `menu_items` WHERE (`menu_items`.parent_id = 2) [0m
  [4;35;1mMenuItem Load (0.000037)[0m   [0mSELECT * FROM `menu_items` WHERE (`menu_items`.parent_id = 3) [0m
  [4;36;1mMenuItem Load (0.000031)[0m   [0;1mSELECT * FROM `menu_items` WHERE (`menu_items`.parent_id = 4) [0m
Rendered menu_items/_menu_list (0.00073)
  [4;35;1mPage Columns (0.000494)[0m   [0mSHOW FIELDS FROM `pages`[0m
  [4;36;1mPage Load (0.000044)[0m   [0;1mSELECT * FROM `pages` WHERE (`pages`.`id` = 1) [0m
  [4;35;1mMenuItem Load (0.000045)[0m   [0mSELECT * FROM `menu_items` WHERE (`menu_items`.parent_id = 1) [0m
Rendered menu_items/_menu_list (0.01301)
Rendered menu_items/_menu (0.02526)
Completed in 0.04516 (22 reqs/sec) | Rendering: 0.02869 (63%) | DB: 0.00235 (5%) | 200 OK [http://localhost/]


Processing ReferralsController#index (for 127.0.0.1 at 2008-06-06 11:04:07) [GET]
  Session ID: BAh7CjoOcmV0dXJuX3RvMDoMY3NyZl9pZCIlZjI5MjE2YzRmNDAzMDk0MTVj
ZjA0ZDdiOTliNmQwMjA6C3Zpc2l0cyIGMSIKZmxhc2hJQzonQWN0aW9uQ29u
dHJvbGxlcjo6Rmxhc2g6OkZsYXNoSGFzaHsABjoKQHVzZWR7ADoMdXNlcl9p
ZGkG--61fa845abfe48d0b69d2b18e2c281ca3831418d7
  Parameters: {"action"=>"index", "controller"=>"referrals"}
  [4;36;1mUser Columns (0.000696)[0m   [0;1mSHOW FIELDS FROM `users`[0m
  [4;35;1mUser Load (0.000043)[0m   [0mSELECT * FROM `users` WHERE (`users`.`id` = 1) LIMIT 1[0m
  [4;36;1mReferral Load (0.000207)[0m   [0;1mSELECT * FROM `referrals` ORDER BY created_at desc LIMIT 0, 10[0m
Rendering template within layouts/application
Rendering referrals/index
  [4;35;1mReferral Columns (0.000604)[0m   [0mSHOW FIELDS FROM `referrals`[0m
  [4;36;1mMenuItem Load (0.000084)[0m   [0;1mSELECT * FROM `menu_items` WHERE (parent_id is null) ORDER BY menu_items.position, menu_items.title[0m
  [4;35;1mMenuItem Columns (0.000530)[0m   [0mSHOW FIELDS FROM `menu_items`[0m
  [4;36;1mMenuItem Load (0.000046)[0m   [0;1mSELECT * FROM `menu_items` WHERE (`menu_items`.parent_id = 2) [0m
  [4;35;1mMenuItem Load (0.000035)[0m   [0mSELECT * FROM `menu_items` WHERE (`menu_items`.parent_id = 3) [0m
  [4;36;1mMenuItem Load (0.000031)[0m   [0;1mSELECT * FROM `menu_items` WHERE (`menu_items`.parent_id = 4) [0m
Rendered menu_items/_menu_list (0.00071)
  [4;35;1mPage Columns (0.000474)[0m   [0mSHOW FIELDS FROM `pages`[0m
  [4;36;1mPage Load (0.000039)[0m   [0;1mSELECT * FROM `pages` WHERE (`pages`.`id` = 1) [0m
  [4;35;1mMenuItem Load (0.000134)[0m   [0mSELECT * FROM `menu_items` WHERE (`menu_items`.parent_id = 1) [0m
Rendered menu_items/_menu_list (0.01167)
Rendered menu_items/_menu (0.01860)
Completed in 0.05063 (19 reqs/sec) | Rendering: 0.02154 (42%) | DB: 0.00292 (5%) | 200 OK [http://localhost/referrals]


Processing ReferralsController#show (for 127.0.0.1 at 2008-06-06 11:04:09) [GET]
  Session ID: BAh7CjoMY3NyZl9pZCIlZjI5MjE2YzRmNDAzMDk0MTVjZjA0ZDdiOTliNmQw
MjA6DnJldHVybl90bzA6C3Zpc2l0cyIGMToMdXNlcl9pZGkGIgpmbGFzaElD
OidBY3Rpb25Db250cm9sbGVyOjpGbGFzaDo6Rmxhc2hIYXNoewAGOgpAdXNl
ZHsA--d0f2de93cf8a06b7193492257a49fbc1916e7707
  Parameters: {"action"=>"show", "id"=>"1", "controller"=>"referrals"}
  [4;36;1mUser Columns (0.000950)[0m   [0;1mSHOW FIELDS FROM `users`[0m
  [4;35;1mUser Load (0.000051)[0m   [0mSELECT * FROM `users` WHERE (`users`.`id` = 1) LIMIT 1[0m
  [4;36;1mReferral Columns (0.000502)[0m   [0;1mSHOW FIELDS FROM `referrals`[0m
  [4;35;1mReferral Load (0.000045)[0m   [0mSELECT * FROM `referrals` WHERE (`referrals`.`id` = 1) [0m
Rendering template within layouts/application
Rendering referrals/show
  [4;36;1mSQL (0.000602)[0m   [0;1mSHOW TABLES[0m


ActionView::TemplateError (undefined method `select_rows' for #<Class:0xb66f8ef0>) on line #29 of referrals/show.html.erb:
26: 
27: <h3>Graph</h3>
28: 
29: <p> <%= referral_graph  %>  </p>
30: 
31: <br/>
32: 

    vendor/rails/activerecord/lib/active_record/base.rb:1667:in `method_missing_without_paginate'
    vendor/gems/will_paginate-2.2.2/lib/will_paginate/finder.rb:164:in `method_missing'
    app/models/referral.rb:10:in `select_visits'
    app/helpers/referrals_helper.rb:9:in `referral_graph'
    vendor/gems/gchartrb-0.8/lib/google_chart/pie_chart.rb:17:in `initialize'
    app/helpers/referrals_helper.rb:8:in `new'
    app/helpers/referrals_helper.rb:8:in `referral_graph'
    app/views/referrals/show.html.erb:29:in `_run_erb_47app47views47referrals47show46html46erb'
    vendor/rails/actionpack/lib/action_view/base.rb:338:in `send'
    vendor/rails/actionpack/lib/action_view/base.rb:338:in `execute'
    vendor/rails/actionpack/lib/action_view/template_handlers/compilable.rb:29:in `send'
    vendor/rails/actionpack/lib/action_view/template_handlers/compilable.rb:29:in `render'
    vendor/rails/actionpack/lib/action_view/template.rb:35:in `render'
    vendor/rails/actionpack/lib/action_view/template.rb:22:in `render_template'
    vendor/rails/actionpack/lib/action_view/base.rb:245:in `render_file'
    vendor/rails/actionpack/lib/action_controller/base.rb:1108:in `render_for_file'
    vendor/rails/actionpack/lib/action_controller/base.rb:865:in `render_with_no_layout'
    vendor/rails/actionpack/lib/action_controller/base.rb:880:in `render_with_no_layout'
    vendor/rails/actionpack/lib/action_controller/layout.rb:251:in `render_without_benchmark'
    vendor/rails/actionpack/lib/action_controller/benchmarking.rb:51:in `render'
    vendor/rails/activesupport/lib/active_support/core_ext/benchmark.rb:8:in `realtime'
    vendor/rails/actionpack/lib/action_controller/benchmarking.rb:51:in `render'
    vendor/rails/actionpack/lib/action_controller/mime_responds.rb:131:in `send'
    vendor/rails/actionpack/lib/action_controller/mime_responds.rb:131:in `custom'
    vendor/rails/actionpack/lib/action_controller/mime_responds.rb:160:in `call'
    vendor/rails/actionpack/lib/action_controller/mime_responds.rb:160:in `respond'
    vendor/rails/actionpack/lib/action_controller/mime_responds.rb:154:in `each'
    vendor/rails/actionpack/lib/action_controller/mime_responds.rb:154:in `respond'
    vendor/rails/actionpack/lib/action_controller/mime_responds.rb:107:in `respond_to'
    app/controllers/referrals_controller.rb:22:in `show'
    vendor/rails/actionpack/lib/action_controller/base.rb:1162:in `send'
    vendor/rails/actionpack/lib/action_controller/base.rb:1162:in `perform_action_without_filters'
    vendor/rails/actionpack/lib/action_controller/filters.rb:580:in `call_filters'
    vendor/rails/actionpack/lib/action_controller/filters.rb:573:in `perform_action_without_benchmark'
    vendor/rails/actionpack/lib/action_controller/benchmarking.rb:68:in `perform_action_without_rescue'
    /usr/lib/ruby/1.8/benchmark.rb:293:in `measure'
    vendor/rails/actionpack/lib/action_controller/benchmarking.rb:68:in `perform_action_without_rescue'
    vendor/rails/actionpack/lib/action_controller/rescue.rb:201:in `perform_action_without_caching'
    vendor/rails/actionpack/lib/action_controller/caching/sql_cache.rb:13:in `perform_action'
    vendor/rails/activerecord/lib/active_record/connection_adapters/abstract/query_cache.rb:33:in `cache'
    vendor/rails/activerecord/lib/active_record/query_cache.rb:8:in `cache'
    vendor/rails/actionpack/lib/action_controller/caching/sql_cache.rb:12:in `perform_action'
    vendor/rails/actionpack/lib/action_controller/base.rb:529:in `send'
    vendor/rails/actionpack/lib/action_controller/base.rb:529:in `process_without_filters'
    vendor/rails/actionpack/lib/action_controller/filters.rb:569:in `process_without_session_management_support'
    vendor/rails/actionpack/lib/action_controller/session_management.rb:130:in `process'
    vendor/rails/actionpack/lib/action_controller/base.rb:389:in `process'
    vendor/rails/actionpack/lib/action_controller/dispatcher.rb:149:in `handle_request'
    vendor/rails/actionpack/lib/action_controller/dispatcher.rb:107:in `dispatch'
    vendor/rails/actionpack/lib/action_controller/dispatcher.rb:104:in `synchronize'
    vendor/rails/actionpack/lib/action_controller/dispatcher.rb:104:in `dispatch'
    vendor/rails/actionpack/lib/action_controller/dispatcher.rb:120:in `dispatch_cgi'
    vendor/rails/actionpack/lib/action_controller/dispatcher.rb:35:in `dispatch'
    /usr/lib/ruby/gems/1.8/gems/mongrel-1.1.5/lib/mongrel/rails.rb:76:in `process'
    /usr/lib/ruby/gems/1.8/gems/mongrel-1.1.5/lib/mongrel/rails.rb:74:in `synchronize'
    /usr/lib/ruby/gems/1.8/gems/mongrel-1.1.5/lib/mongrel/rails.rb:74:in `process'
    /usr/lib/ruby/gems/1.8/gems/mongrel-1.1.5/lib/mongrel.rb:159:in `process_client'
    /usr/lib/ruby/gems/1.8/gems/mongrel-1.1.5/lib/mongrel.rb:158:in `each'
    /usr/lib/ruby/gems/1.8/gems/mongrel-1.1.5/lib/mongrel.rb:158:in `process_client'
    /usr/lib/ruby/gems/1.8/gems/mongrel-1.1.5/lib/mongrel.rb:285:in `run'
    /usr/lib/ruby/gems/1.8/gems/mongrel-1.1.5/lib/mongrel.rb:285:in `initialize'
    /usr/lib/ruby/gems/1.8/gems/mongrel-1.1.5/lib/mongrel.rb:285:in `new'
    /usr/lib/ruby/gems/1.8/gems/mongrel-1.1.5/lib/mongrel.rb:285:in `run'
    /usr/lib/ruby/gems/1.8/gems/mongrel-1.1.5/lib/mongrel.rb:268:in `initialize'
    /usr/lib/ruby/gems/1.8/gems/mongrel-1.1.5/lib/mongrel.rb:268:in `new'
    /usr/lib/ruby/gems/1.8/gems/mongrel-1.1.5/lib/mongrel.rb:268:in `run'
    /usr/lib/ruby/gems/1.8/gems/mongrel-1.1.5/lib/mongrel/configurator.rb:282:in `run'
    /usr/lib/ruby/gems/1.8/gems/mongrel-1.1.5/lib/mongrel/configurator.rb:281:in `each'
    /usr/lib/ruby/gems/1.8/gems/mongrel-1.1.5/lib/mongrel/configurator.rb:281:in `run'
    /usr/lib/ruby/gems/1.8/gems/mongrel-1.1.5/bin/mongrel_rails:128:in `run'
    /usr/lib/ruby/gems/1.8/gems/mongrel-1.1.5/lib/mongrel/command.rb:212:in `run'
    /usr/lib/ruby/gems/1.8/gems/mongrel-1.1.5/bin/mongrel_rails:281
    vendor/rails/activesupport/lib/active_support/dependencies.rb:502:in `load'
    vendor/rails/activesupport/lib/active_support/dependencies.rb:502:in `load'
    vendor/rails/activesupport/lib/active_support/dependencies.rb:354:in `new_constants_in'
    vendor/rails/activesupport/lib/active_support/dependencies.rb:502:in `load'
    vendor/rails/railties/lib/commands/servers/mongrel.rb:64
    /usr/local/lib/site_ruby/1.8/rubygems/custom_require.rb:27:in `gem_original_require'
    /usr/local/lib/site_ruby/1.8/rubygems/custom_require.rb:27:in `require'
    vendor/rails/activesupport/lib/active_support/dependencies.rb:509:in `require'
    vendor/rails/activesupport/lib/active_support/dependencies.rb:354:in `new_constants_in'
    vendor/rails/activesupport/lib/active_support/dependencies.rb:509:in `require'
    vendor/rails/railties/lib/commands/server.rb:39
    /usr/local/lib/site_ruby/1.8/rubygems/custom_require.rb:27:in `gem_original_require'
    /usr/local/lib/site_ruby/1.8/rubygems/custom_require.rb:27:in `require'
    script/server:3

Rendering /home/mauricio/NetBeansProjects/reeds/vendor/rails/actionpack/lib/action_controller/templates/rescues/layout.erb (internal_server_error)


Processing ReferralsController#show (for 127.0.0.1 at 2008-06-06 11:04:43) [GET]
  Session ID: BAh7CjoOcmV0dXJuX3RvMDoMY3NyZl9pZCIlZjI5MjE2YzRmNDAzMDk0MTVj
ZjA0ZDdiOTliNmQwMjA6C3Zpc2l0cyIGMSIKZmxhc2hJQzonQWN0aW9uQ29u
dHJvbGxlcjo6Rmxhc2g6OkZsYXNoSGFzaHsABjoKQHVzZWR7ADoMdXNlcl9p
ZGkG--61fa845abfe48d0b69d2b18e2c281ca3831418d7
  Parameters: {"action"=>"show", "id"=>"1", "controller"=>"referrals"}
  [4;35;1mUser Columns (0.000868)[0m   [0mSHOW FIELDS FROM `users`[0m
  [4;36;1mUser Load (0.000051)[0m   [0;1mSELECT * FROM `users` WHERE (`users`.`id` = 1) LIMIT 1[0m
  [4;35;1mReferral Columns (0.000499)[0m   [0mSHOW FIELDS FROM `referrals`[0m
  [4;36;1mReferral Load (0.000040)[0m   [0;1mSELECT * FROM `referrals` WHERE (`referrals`.`id` = 1) [0m
Rendering template within layouts/application
Rendering referrals/show
  [4;35;1mSQL (0.000209)[0m   [0mSHOW TABLES[0m


ActionView::TemplateError (undefined method `select_rows' for #<Class:0xb669a828>) on line #29 of referrals/show.html.erb:
26: 
27: <h3>Graph</h3>
28: 
29: <p> <%= referral_graph  %>  </p>
30: 
31: <br/>
32: 

    vendor/rails/activerecord/lib/active_record/base.rb:1667:in `method_missing_without_paginate'
    vendor/gems/will_paginate-2.2.2/lib/will_paginate/finder.rb:164:in `method_missing'
    app/models/referral.rb:10:in `select_visits'
    app/helpers/referrals_helper.rb:9:in `referral_graph'
    vendor/gems/gchartrb-0.8/lib/google_chart/pie_chart.rb:17:in `initialize'
    app/helpers/referrals_helper.rb:8:in `new'
    app/helpers/referrals_helper.rb:8:in `referral_graph'
    app/views/referrals/show.html.erb:29:in `_run_erb_47app47views47referrals47show46html46erb'
    vendor/rails/actionpack/lib/action_view/base.rb:338:in `send'
    vendor/rails/actionpack/lib/action_view/base.rb:338:in `execute'
    vendor/rails/actionpack/lib/action_view/template_handlers/compilable.rb:29:in `send'
    vendor/rails/actionpack/lib/action_view/template_handlers/compilable.rb:29:in `render'
    vendor/rails/actionpack/lib/action_view/template.rb:35:in `render'
    vendor/rails/actionpack/lib/action_view/template.rb:22:in `render_template'
    vendor/rails/actionpack/lib/action_view/base.rb:245:in `render_file'
    vendor/rails/actionpack/lib/action_controller/base.rb:1108:in `render_for_file'
    vendor/rails/actionpack/lib/action_controller/base.rb:865:in `render_with_no_layout'
    vendor/rails/actionpack/lib/action_controller/base.rb:880:in `render_with_no_layout'
    vendor/rails/actionpack/lib/action_controller/layout.rb:251:in `render_without_benchmark'
    vendor/rails/actionpack/lib/action_controller/benchmarking.rb:51:in `render'
    vendor/rails/activesupport/lib/active_support/core_ext/benchmark.rb:8:in `realtime'
    vendor/rails/actionpack/lib/action_controller/benchmarking.rb:51:in `render'
    vendor/rails/actionpack/lib/action_controller/mime_responds.rb:131:in `send'
    vendor/rails/actionpack/lib/action_controller/mime_responds.rb:131:in `custom'
    vendor/rails/actionpack/lib/action_controller/mime_responds.rb:160:in `call'
    vendor/rails/actionpack/lib/action_controller/mime_responds.rb:160:in `respond'
    vendor/rails/actionpack/lib/action_controller/mime_responds.rb:154:in `each'
    vendor/rails/actionpack/lib/action_controller/mime_responds.rb:154:in `respond'
    vendor/rails/actionpack/lib/action_controller/mime_responds.rb:107:in `respond_to'
    app/controllers/referrals_controller.rb:22:in `show'
    vendor/rails/actionpack/lib/action_controller/base.rb:1162:in `send'
    vendor/rails/actionpack/lib/action_controller/base.rb:1162:in `perform_action_without_filters'
    vendor/rails/actionpack/lib/action_controller/filters.rb:580:in `call_filters'
    vendor/rails/actionpack/lib/action_controller/filters.rb:573:in `perform_action_without_benchmark'
    vendor/rails/actionpack/lib/action_controller/benchmarking.rb:68:in `perform_action_without_rescue'
    /usr/lib/ruby/1.8/benchmark.rb:293:in `measure'
    vendor/rails/actionpack/lib/action_controller/benchmarking.rb:68:in `perform_action_without_rescue'
    vendor/rails/actionpack/lib/action_controller/rescue.rb:201:in `perform_action_without_caching'
    vendor/rails/actionpack/lib/action_controller/caching/sql_cache.rb:13:in `perform_action'
    vendor/rails/activerecord/lib/active_record/connection_adapters/abstract/query_cache.rb:33:in `cache'
    vendor/rails/activerecord/lib/active_record/query_cache.rb:8:in `cache'
    vendor/rails/actionpack/lib/action_controller/caching/sql_cache.rb:12:in `perform_action'
    vendor/rails/actionpack/lib/action_controller/base.rb:529:in `send'
    vendor/rails/actionpack/lib/action_controller/base.rb:529:in `process_without_filters'
    vendor/rails/actionpack/lib/action_controller/filters.rb:569:in `process_without_session_management_support'
    vendor/rails/actionpack/lib/action_controller/session_management.rb:130:in `process'
    vendor/rails/actionpack/lib/action_controller/base.rb:389:in `process'
    vendor/rails/actionpack/lib/action_controller/dispatcher.rb:149:in `handle_request'
    vendor/rails/actionpack/lib/action_controller/dispatcher.rb:107:in `dispatch'
    vendor/rails/actionpack/lib/action_controller/dispatcher.rb:104:in `synchronize'
    vendor/rails/actionpack/lib/action_controller/dispatcher.rb:104:in `dispatch'
    vendor/rails/actionpack/lib/action_controller/dispatcher.rb:120:in `dispatch_cgi'
    vendor/rails/actionpack/lib/action_controller/dispatcher.rb:35:in `dispatch'
    /usr/lib/ruby/gems/1.8/gems/mongrel-1.1.5/lib/mongrel/rails.rb:76:in `process'
    /usr/lib/ruby/gems/1.8/gems/mongrel-1.1.5/lib/mongrel/rails.rb:74:in `synchronize'
    /usr/lib/ruby/gems/1.8/gems/mongrel-1.1.5/lib/mongrel/rails.rb:74:in `process'
    /usr/lib/ruby/gems/1.8/gems/mongrel-1.1.5/lib/mongrel.rb:159:in `process_client'
    /usr/lib/ruby/gems/1.8/gems/mongrel-1.1.5/lib/mongrel.rb:158:in `each'
    /usr/lib/ruby/gems/1.8/gems/mongrel-1.1.5/lib/mongrel.rb:158:in `process_client'
    /usr/lib/ruby/gems/1.8/gems/mongrel-1.1.5/lib/mongrel.rb:285:in `run'
    /usr/lib/ruby/gems/1.8/gems/mongrel-1.1.5/lib/mongrel.rb:285:in `initialize'
    /usr/lib/ruby/gems/1.8/gems/mongrel-1.1.5/lib/mongrel.rb:285:in `new'
    /usr/lib/ruby/gems/1.8/gems/mongrel-1.1.5/lib/mongrel.rb:285:in `run'
    /usr/lib/ruby/gems/1.8/gems/mongrel-1.1.5/lib/mongrel.rb:268:in `initialize'
    /usr/lib/ruby/gems/1.8/gems/mongrel-1.1.5/lib/mongrel.rb:268:in `new'
    /usr/lib/ruby/gems/1.8/gems/mongrel-1.1.5/lib/mongrel.rb:268:in `run'
    /usr/lib/ruby/gems/1.8/gems/mongrel-1.1.5/lib/mongrel/configurator.rb:282:in `run'
    /usr/lib/ruby/gems/1.8/gems/mongrel-1.1.5/lib/mongrel/configurator.rb:281:in `each'
    /usr/lib/ruby/gems/1.8/gems/mongrel-1.1.5/lib/mongrel/configurator.rb:281:in `run'
    /usr/lib/ruby/gems/1.8/gems/mongrel-1.1.5/bin/mongrel_rails:128:in `run'
    /usr/lib/ruby/gems/1.8/gems/mongrel-1.1.5/lib/mongrel/command.rb:212:in `run'
    /usr/lib/ruby/gems/1.8/gems/mongrel-1.1.5/bin/mongrel_rails:281
    vendor/rails/activesupport/lib/active_support/dependencies.rb:502:in `load'
    vendor/rails/activesupport/lib/active_support/dependencies.rb:502:in `load'
    vendor/rails/activesupport/lib/active_support/dependencies.rb:354:in `new_constants_in'
    vendor/rails/activesupport/lib/active_support/dependencies.rb:502:in `load'
    vendor/rails/railties/lib/commands/servers/mongrel.rb:64
    /usr/local/lib/site_ruby/1.8/rubygems/custom_require.rb:27:in `gem_original_require'
    /usr/local/lib/site_ruby/1.8/rubygems/custom_require.rb:27:in `require'
    vendor/rails/activesupport/lib/active_support/dependencies.rb:509:in `require'
    vendor/rails/activesupport/lib/active_support/dependencies.rb:354:in `new_constants_in'
    vendor/rails/activesupport/lib/active_support/dependencies.rb:509:in `require'
    vendor/rails/railties/lib/commands/server.rb:39
    /usr/local/lib/site_ruby/1.8/rubygems/custom_require.rb:27:in `gem_original_require'
    /usr/local/lib/site_ruby/1.8/rubygems/custom_require.rb:27:in `require'
    script/server:3

Rendering /home/mauricio/NetBeansProjects/reeds/vendor/rails/actionpack/lib/action_controller/templates/rescues/layout.erb (internal_server_error)


Processing ReferralsController#show (for 127.0.0.1 at 2008-06-06 11:05:58) [GET]
  Session ID: BAh7CjoMY3NyZl9pZCIlZjI5MjE2YzRmNDAzMDk0MTVjZjA0ZDdiOTliNmQw
MjA6DnJldHVybl90bzA6C3Zpc2l0cyIGMToMdXNlcl9pZGkGIgpmbGFzaElD
OidBY3Rpb25Db250cm9sbGVyOjpGbGFzaDo6Rmxhc2hIYXNoewAGOgpAdXNl
ZHsA--d0f2de93cf8a06b7193492257a49fbc1916e7707
  Parameters: {"action"=>"show", "id"=>"1", "controller"=>"referrals"}
  [4;36;1mUser Columns (0.000994)[0m   [0;1mSHOW FIELDS FROM `users`[0m
  [4;35;1mUser Load (0.000055)[0m   [0mSELECT * FROM `users` WHERE (`users`.`id` = 1) LIMIT 1[0m
  [4;36;1mReferral Columns (0.000609)[0m   [0;1mSHOW FIELDS FROM `referrals`[0m
  [4;35;1mReferral Load (0.000046)[0m   [0mSELECT * FROM `referrals` WHERE (`referrals`.`id` = 1) [0m
Rendering template within layouts/application
Rendering referrals/show


ActionView::TemplateError (undefined method `select_rows' for #<Referral:0xb66a8ff4>) on line #29 of referrals/show.html.erb:
26: 
27: <h3>Graph</h3>
28: 
29: <p> <%= referral_graph  %>  </p>
30: 
31: <br/>
32: 

    vendor/rails/activerecord/lib/active_record/attribute_methods.rb:256:in `method_missing'
    app/models/referral.rb:10:in `select_visits'
    app/helpers/referrals_helper.rb:9:in `referral_graph'
    vendor/gems/gchartrb-0.8/lib/google_chart/pie_chart.rb:17:in `initialize'
    app/helpers/referrals_helper.rb:8:in `new'
    app/helpers/referrals_helper.rb:8:in `referral_graph'
    app/views/referrals/show.html.erb:29:in `_run_erb_47app47views47referrals47show46html46erb'
    vendor/rails/actionpack/lib/action_view/base.rb:338:in `send'
    vendor/rails/actionpack/lib/action_view/base.rb:338:in `execute'
    vendor/rails/actionpack/lib/action_view/template_handlers/compilable.rb:29:in `send'
    vendor/rails/actionpack/lib/action_view/template_handlers/compilable.rb:29:in `render'
    vendor/rails/actionpack/lib/action_view/template.rb:35:in `render'
    vendor/rails/actionpack/lib/action_view/template.rb:22:in `render_template'
    vendor/rails/actionpack/lib/action_view/base.rb:245:in `render_file'
    vendor/rails/actionpack/lib/action_controller/base.rb:1108:in `render_for_file'
    vendor/rails/actionpack/lib/action_controller/base.rb:865:in `render_with_no_layout'
    vendor/rails/actionpack/lib/action_controller/base.rb:880:in `render_with_no_layout'
    vendor/rails/actionpack/lib/action_controller/layout.rb:251:in `render_without_benchmark'
    vendor/rails/actionpack/lib/action_controller/benchmarking.rb:51:in `render'
    vendor/rails/activesupport/lib/active_support/core_ext/benchmark.rb:8:in `realtime'
    vendor/rails/actionpack/lib/action_controller/benchmarking.rb:51:in `render'
    vendor/rails/actionpack/lib/action_controller/mime_responds.rb:131:in `send'
    vendor/rails/actionpack/lib/action_controller/mime_responds.rb:131:in `custom'
    vendor/rails/actionpack/lib/action_controller/mime_responds.rb:160:in `call'
    vendor/rails/actionpack/lib/action_controller/mime_responds.rb:160:in `respond'
    vendor/rails/actionpack/lib/action_controller/mime_responds.rb:154:in `each'
    vendor/rails/actionpack/lib/action_controller/mime_responds.rb:154:in `respond'
    vendor/rails/actionpack/lib/action_controller/mime_responds.rb:107:in `respond_to'
    app/controllers/referrals_controller.rb:22:in `show'
    vendor/rails/actionpack/lib/action_controller/base.rb:1162:in `send'
    vendor/rails/actionpack/lib/action_controller/base.rb:1162:in `perform_action_without_filters'
    vendor/rails/actionpack/lib/action_controller/filters.rb:580:in `call_filters'
    vendor/rails/actionpack/lib/action_controller/filters.rb:573:in `perform_action_without_benchmark'
    vendor/rails/actionpack/lib/action_controller/benchmarking.rb:68:in `perform_action_without_rescue'
    /usr/lib/ruby/1.8/benchmark.rb:293:in `measure'
    vendor/rails/actionpack/lib/action_controller/benchmarking.rb:68:in `perform_action_without_rescue'
    vendor/rails/actionpack/lib/action_controller/rescue.rb:201:in `perform_action_without_caching'
    vendor/rails/actionpack/lib/action_controller/caching/sql_cache.rb:13:in `perform_action'
    vendor/rails/activerecord/lib/active_record/connection_adapters/abstract/query_cache.rb:33:in `cache'
    vendor/rails/activerecord/lib/active_record/query_cache.rb:8:in `cache'
    vendor/rails/actionpack/lib/action_controller/caching/sql_cache.rb:12:in `perform_action'
    vendor/rails/actionpack/lib/action_controller/base.rb:529:in `send'
    vendor/rails/actionpack/lib/action_controller/base.rb:529:in `process_without_filters'
    vendor/rails/actionpack/lib/action_controller/filters.rb:569:in `process_without_session_management_support'
    vendor/rails/actionpack/lib/action_controller/session_management.rb:130:in `process'
    vendor/rails/actionpack/lib/action_controller/base.rb:389:in `process'
    vendor/rails/actionpack/lib/action_controller/dispatcher.rb:149:in `handle_request'
    vendor/rails/actionpack/lib/action_controller/dispatcher.rb:107:in `dispatch'
    vendor/rails/actionpack/lib/action_controller/dispatcher.rb:104:in `synchronize'
    vendor/rails/actionpack/lib/action_controller/dispatcher.rb:104:in `dispatch'
    vendor/rails/actionpack/lib/action_controller/dispatcher.rb:120:in `dispatch_cgi'
    vendor/rails/actionpack/lib/action_controller/dispatcher.rb:35:in `dispatch'
    /usr/lib/ruby/gems/1.8/gems/mongrel-1.1.5/lib/mongrel/rails.rb:76:in `process'
    /usr/lib/ruby/gems/1.8/gems/mongrel-1.1.5/lib/mongrel/rails.rb:74:in `synchronize'
    /usr/lib/ruby/gems/1.8/gems/mongrel-1.1.5/lib/mongrel/rails.rb:74:in `process'
    /usr/lib/ruby/gems/1.8/gems/mongrel-1.1.5/lib/mongrel.rb:159:in `process_client'
    /usr/lib/ruby/gems/1.8/gems/mongrel-1.1.5/lib/mongrel.rb:158:in `each'
    /usr/lib/ruby/gems/1.8/gems/mongrel-1.1.5/lib/mongrel.rb:158:in `process_client'
    /usr/lib/ruby/gems/1.8/gems/mongrel-1.1.5/lib/mongrel.rb:285:in `run'
    /usr/lib/ruby/gems/1.8/gems/mongrel-1.1.5/lib/mongrel.rb:285:in `initialize'
    /usr/lib/ruby/gems/1.8/gems/mongrel-1.1.5/lib/mongrel.rb:285:in `new'
    /usr/lib/ruby/gems/1.8/gems/mongrel-1.1.5/lib/mongrel.rb:285:in `run'
    /usr/lib/ruby/gems/1.8/gems/mongrel-1.1.5/lib/mongrel.rb:268:in `initialize'
    /usr/lib/ruby/gems/1.8/gems/mongrel-1.1.5/lib/mongrel.rb:268:in `new'
    /usr/lib/ruby/gems/1.8/gems/mongrel-1.1.5/lib/mongrel.rb:268:in `run'
    /usr/lib/ruby/gems/1.8/gems/mongrel-1.1.5/lib/mongrel/configurator.rb:282:in `run'
    /usr/lib/ruby/gems/1.8/gems/mongrel-1.1.5/lib/mongrel/configurator.rb:281:in `each'
    /usr/lib/ruby/gems/1.8/gems/mongrel-1.1.5/lib/mongrel/configurator.rb:281:in `run'
    /usr/lib/ruby/gems/1.8/gems/mongrel-1.1.5/bin/mongrel_rails:128:in `run'
    /usr/lib/ruby/gems/1.8/gems/mongrel-1.1.5/lib/mongrel/command.rb:212:in `run'
    /usr/lib/ruby/gems/1.8/gems/mongrel-1.1.5/bin/mongrel_rails:281
    vendor/rails/activesupport/lib/active_support/dependencies.rb:502:in `load'
    vendor/rails/activesupport/lib/active_support/dependencies.rb:502:in `load'
    vendor/rails/activesupport/lib/active_support/dependencies.rb:354:in `new_constants_in'
    vendor/rails/activesupport/lib/active_support/dependencies.rb:502:in `load'
    vendor/rails/railties/lib/commands/servers/mongrel.rb:64
    /usr/local/lib/site_ruby/1.8/rubygems/custom_require.rb:27:in `gem_original_require'
    /usr/local/lib/site_ruby/1.8/rubygems/custom_require.rb:27:in `require'
    vendor/rails/activesupport/lib/active_support/dependencies.rb:509:in `require'
    vendor/rails/activesupport/lib/active_support/dependencies.rb:354:in `new_constants_in'
    vendor/rails/activesupport/lib/active_support/dependencies.rb:509:in `require'
    vendor/rails/railties/lib/commands/server.rb:39
    /usr/local/lib/site_ruby/1.8/rubygems/custom_require.rb:27:in `gem_original_require'
    /usr/local/lib/site_ruby/1.8/rubygems/custom_require.rb:27:in `require'
    script/server:3

Rendering /home/mauricio/NetBeansProjects/reeds/vendor/rails/actionpack/lib/action_controller/templates/rescues/layout.erb (internal_server_error)


Processing ReferralsController#show (for 127.0.0.1 at 2008-06-06 11:06:24) [GET]
  Session ID: BAh7CjoOcmV0dXJuX3RvMDoMY3NyZl9pZCIlZjI5MjE2YzRmNDAzMDk0MTVj
ZjA0ZDdiOTliNmQwMjA6C3Zpc2l0cyIGMSIKZmxhc2hJQzonQWN0aW9uQ29u
dHJvbGxlcjo6Rmxhc2g6OkZsYXNoSGFzaHsABjoKQHVzZWR7ADoMdXNlcl9p
ZGkG--61fa845abfe48d0b69d2b18e2c281ca3831418d7
  Parameters: {"action"=>"show", "id"=>"1", "controller"=>"referrals"}
  [4;36;1mUser Columns (0.000697)[0m   [0;1mSHOW FIELDS FROM `users`[0m
  [4;35;1mUser Load (0.000042)[0m   [0mSELECT * FROM `users` WHERE (`users`.`id` = 1) LIMIT 1[0m
  [4;36;1mReferral Columns (0.000490)[0m   [0;1mSHOW FIELDS FROM `referrals`[0m
  [4;35;1mReferral Load (0.000044)[0m   [0mSELECT * FROM `referrals` WHERE (`referrals`.`id` = 1) [0m
Rendering template within layouts/application
Rendering referrals/show
  [4;36;1mSQL (0.000309)[0m   [0;1mselect count(*), v.referer_host from visits v where v.referral_id = 1 group by v.referer_host[0m


ActionView::TemplateError (undefined local variable or method `trie' for #<ActionView::Base:0xb6744800>) on line #29 of referrals/show.html.erb:
26: 
27: <h3>Graph</h3>
28: 
29: <p> <%= referral_graph  %>  </p>
30: 
31: <br/>
32: 

    app/helpers/referrals_helper.rb:12:in `referral_graph'
    vendor/gems/gchartrb-0.8/lib/google_chart/pie_chart.rb:17:in `initialize'
    app/helpers/referrals_helper.rb:8:in `new'
    app/helpers/referrals_helper.rb:8:in `referral_graph'
    app/views/referrals/show.html.erb:29:in `_run_erb_47app47views47referrals47show46html46erb'
    vendor/rails/actionpack/lib/action_view/base.rb:338:in `send'
    vendor/rails/actionpack/lib/action_view/base.rb:338:in `execute'
    vendor/rails/actionpack/lib/action_view/template_handlers/compilable.rb:29:in `send'
    vendor/rails/actionpack/lib/action_view/template_handlers/compilable.rb:29:in `render'
    vendor/rails/actionpack/lib/action_view/template.rb:35:in `render'
    vendor/rails/actionpack/lib/action_view/template.rb:22:in `render_template'
    vendor/rails/actionpack/lib/action_view/base.rb:245:in `render_file'
    vendor/rails/actionpack/lib/action_controller/base.rb:1108:in `render_for_file'
    vendor/rails/actionpack/lib/action_controller/base.rb:865:in `render_with_no_layout'
    vendor/rails/actionpack/lib/action_controller/base.rb:880:in `render_with_no_layout'
    vendor/rails/actionpack/lib/action_controller/layout.rb:251:in `render_without_benchmark'
    vendor/rails/actionpack/lib/action_controller/benchmarking.rb:51:in `render'
    vendor/rails/activesupport/lib/active_support/core_ext/benchmark.rb:8:in `realtime'
    vendor/rails/actionpack/lib/action_controller/benchmarking.rb:51:in `render'
    vendor/rails/actionpack/lib/action_controller/mime_responds.rb:131:in `send'
    vendor/rails/actionpack/lib/action_controller/mime_responds.rb:131:in `custom'
    vendor/rails/actionpack/lib/action_controller/mime_responds.rb:160:in `call'
    vendor/rails/actionpack/lib/action_controller/mime_responds.rb:160:in `respond'
    vendor/rails/actionpack/lib/action_controller/mime_responds.rb:154:in `each'
    vendor/rails/actionpack/lib/action_controller/mime_responds.rb:154:in `respond'
    vendor/rails/actionpack/lib/action_controller/mime_responds.rb:107:in `respond_to'
    app/controllers/referrals_controller.rb:22:in `show'
    vendor/rails/actionpack/lib/action_controller/base.rb:1162:in `send'
    vendor/rails/actionpack/lib/action_controller/base.rb:1162:in `perform_action_without_filters'
    vendor/rails/actionpack/lib/action_controller/filters.rb:580:in `call_filters'
    vendor/rails/actionpack/lib/action_controller/filters.rb:573:in `perform_action_without_benchmark'
    vendor/rails/actionpack/lib/action_controller/benchmarking.rb:68:in `perform_action_without_rescue'
    /usr/lib/ruby/1.8/benchmark.rb:293:in `measure'
    vendor/rails/actionpack/lib/action_controller/benchmarking.rb:68:in `perform_action_without_rescue'
    vendor/rails/actionpack/lib/action_controller/rescue.rb:201:in `perform_action_without_caching'
    vendor/rails/actionpack/lib/action_controller/caching/sql_cache.rb:13:in `perform_action'
    vendor/rails/activerecord/lib/active_record/connection_adapters/abstract/query_cache.rb:33:in `cache'
    vendor/rails/activerecord/lib/active_record/query_cache.rb:8:in `cache'
    vendor/rails/actionpack/lib/action_controller/caching/sql_cache.rb:12:in `perform_action'
    vendor/rails/actionpack/lib/action_controller/base.rb:529:in `send'
    vendor/rails/actionpack/lib/action_controller/base.rb:529:in `process_without_filters'
    vendor/rails/actionpack/lib/action_controller/filters.rb:569:in `process_without_session_management_support'
    vendor/rails/actionpack/lib/action_controller/session_management.rb:130:in `process'
    vendor/rails/actionpack/lib/action_controller/base.rb:389:in `process'
    vendor/rails/actionpack/lib/action_controller/dispatcher.rb:149:in `handle_request'
    vendor/rails/actionpack/lib/action_controller/dispatcher.rb:107:in `dispatch'
    vendor/rails/actionpack/lib/action_controller/dispatcher.rb:104:in `synchronize'
    vendor/rails/actionpack/lib/action_controller/dispatcher.rb:104:in `dispatch'
    vendor/rails/actionpack/lib/action_controller/dispatcher.rb:120:in `dispatch_cgi'
    vendor/rails/actionpack/lib/action_controller/dispatcher.rb:35:in `dispatch'
    /usr/lib/ruby/gems/1.8/gems/mongrel-1.1.5/lib/mongrel/rails.rb:76:in `process'
    /usr/lib/ruby/gems/1.8/gems/mongrel-1.1.5/lib/mongrel/rails.rb:74:in `synchronize'
    /usr/lib/ruby/gems/1.8/gems/mongrel-1.1.5/lib/mongrel/rails.rb:74:in `process'
    /usr/lib/ruby/gems/1.8/gems/mongrel-1.1.5/lib/mongrel.rb:159:in `process_client'
    /usr/lib/ruby/gems/1.8/gems/mongrel-1.1.5/lib/mongrel.rb:158:in `each'
    /usr/lib/ruby/gems/1.8/gems/mongrel-1.1.5/lib/mongrel.rb:158:in `process_client'
    /usr/lib/ruby/gems/1.8/gems/mongrel-1.1.5/lib/mongrel.rb:285:in `run'
    /usr/lib/ruby/gems/1.8/gems/mongrel-1.1.5/lib/mongrel.rb:285:in `initialize'
    /usr/lib/ruby/gems/1.8/gems/mongrel-1.1.5/lib/mongrel.rb:285:in `new'
    /usr/lib/ruby/gems/1.8/gems/mongrel-1.1.5/lib/mongrel.rb:285:in `run'
    /usr/lib/ruby/gems/1.8/gems/mongrel-1.1.5/lib/mongrel.rb:268:in `initialize'
    /usr/lib/ruby/gems/1.8/gems/mongrel-1.1.5/lib/mongrel.rb:268:in `new'
    /usr/lib/ruby/gems/1.8/gems/mongrel-1.1.5/lib/mongrel.rb:268:in `run'
    /usr/lib/ruby/gems/1.8/gems/mongrel-1.1.5/lib/mongrel/configurator.rb:282:in `run'
    /usr/lib/ruby/gems/1.8/gems/mongrel-1.1.5/lib/mongrel/configurator.rb:281:in `each'
    /usr/lib/ruby/gems/1.8/gems/mongrel-1.1.5/lib/mongrel/configurator.rb:281:in `run'
    /usr/lib/ruby/gems/1.8/gems/mongrel-1.1.5/bin/mongrel_rails:128:in `run'
    /usr/lib/ruby/gems/1.8/gems/mongrel-1.1.5/lib/mongrel/command.rb:212:in `run'
    /usr/lib/ruby/gems/1.8/gems/mongrel-1.1.5/bin/mongrel_rails:281
    vendor/rails/activesupport/lib/active_support/dependencies.rb:502:in `load'
    vendor/rails/activesupport/lib/active_support/dependencies.rb:502:in `load'
    vendor/rails/activesupport/lib/active_support/dependencies.rb:354:in `new_constants_in'
    vendor/rails/activesupport/lib/active_support/dependencies.rb:502:in `load'
    vendor/rails/railties/lib/commands/servers/mongrel.rb:64
    /usr/local/lib/site_ruby/1.8/rubygems/custom_require.rb:27:in `gem_original_require'
    /usr/local/lib/site_ruby/1.8/rubygems/custom_require.rb:27:in `require'
    vendor/rails/activesupport/lib/active_support/dependencies.rb:509:in `require'
    vendor/rails/activesupport/lib/active_support/dependencies.rb:354:in `new_constants_in'
    vendor/rails/activesupport/lib/active_support/dependencies.rb:509:in `require'
    vendor/rails/railties/lib/commands/server.rb:39
    /usr/local/lib/site_ruby/1.8/rubygems/custom_require.rb:27:in `gem_original_require'
    /usr/local/lib/site_ruby/1.8/rubygems/custom_require.rb:27:in `require'
    script/server:3

Rendering /home/mauricio/NetBeansProjects/reeds/vendor/rails/actionpack/lib/action_controller/templates/rescues/layout.erb (internal_server_error)


Processing ReferralsController#show (for 127.0.0.1 at 2008-06-06 11:06:47) [GET]
  Session ID: BAh7CjoMY3NyZl9pZCIlZjI5MjE2YzRmNDAzMDk0MTVjZjA0ZDdiOTliNmQw
MjA6DnJldHVybl90bzA6C3Zpc2l0cyIGMToMdXNlcl9pZGkGIgpmbGFzaElD
OidBY3Rpb25Db250cm9sbGVyOjpGbGFzaDo6Rmxhc2hIYXNoewAGOgpAdXNl
ZHsA--d0f2de93cf8a06b7193492257a49fbc1916e7707
  Parameters: {"action"=>"show", "id"=>"1", "controller"=>"referrals"}
  [4;35;1mUser Columns (0.000864)[0m   [0mSHOW FIELDS FROM `users`[0m
  [4;36;1mUser Load (0.000081)[0m   [0;1mSELECT * FROM `users` WHERE (`users`.`id` = 1) LIMIT 1[0m
  [4;35;1mReferral Columns (0.000618)[0m   [0mSHOW FIELDS FROM `referrals`[0m
  [4;36;1mReferral Load (0.000049)[0m   [0;1mSELECT * FROM `referrals` WHERE (`referrals`.`id` = 1) [0m
Rendering template within layouts/application
Rendering referrals/show
  [4;35;1mSQL (0.000047)[0m   [0mselect count(*), v.referer_host from visits v where v.referral_id = 1 group by v.referer_host[0m
  [4;36;1mMenuItem Load (0.000086)[0m   [0;1mSELECT * FROM `menu_items` WHERE (parent_id is null) ORDER BY menu_items.position, menu_items.title[0m
  [4;35;1mMenuItem Columns (0.000561)[0m   [0mSHOW FIELDS FROM `menu_items`[0m
  [4;36;1mMenuItem Load (0.000054)[0m   [0;1mSELECT * FROM `menu_items` WHERE (`menu_items`.parent_id = 2) [0m
  [4;35;1mMenuItem Load (0.000073)[0m   [0mSELECT * FROM `menu_items` WHERE (`menu_items`.parent_id = 3) [0m
  [4;36;1mMenuItem Load (0.000059)[0m   [0;1mSELECT * FROM `menu_items` WHERE (`menu_items`.parent_id = 4) [0m
Rendered menu_items/_menu_list (0.00103)
  [4;35;1mPage Columns (0.000506)[0m   [0mSHOW FIELDS FROM `pages`[0m
  [4;36;1mPage Load (0.000046)[0m   [0;1mSELECT * FROM `pages` WHERE (`pages`.`id` = 1) [0m
  [4;35;1mMenuItem Load (0.000046)[0m   [0mSELECT * FROM `menu_items` WHERE (`menu_items`.parent_id = 1) [0m
Rendered menu_items/_menu_list (0.01300)
Rendered menu_items/_menu (0.07767)
Completed in 0.10264 (9 reqs/sec) | Rendering: 0.07943 (77%) | DB: 0.00340 (3%) | 200 OK [http://localhost/referrals/1]


Processing ReferralsController#show (for 127.0.0.1 at 2008-06-06 11:08:39) [GET]
  Session ID: BAh7CjoOcmV0dXJuX3RvMDoMY3NyZl9pZCIlZjI5MjE2YzRmNDAzMDk0MTVj
ZjA0ZDdiOTliNmQwMjA6C3Zpc2l0cyIGMSIKZmxhc2hJQzonQWN0aW9uQ29u
dHJvbGxlcjo6Rmxhc2g6OkZsYXNoSGFzaHsABjoKQHVzZWR7ADoMdXNlcl9p
ZGkG--61fa845abfe48d0b69d2b18e2c281ca3831418d7
  Parameters: {"action"=>"show", "id"=>"1", "controller"=>"referrals"}
  [4;36;1mUser Columns (0.000771)[0m   [0;1mSHOW FIELDS FROM `users`[0m
  [4;35;1mUser Load (0.000045)[0m   [0mSELECT * FROM `users` WHERE (`users`.`id` = 1) LIMIT 1[0m
  [4;36;1mReferral Columns (0.000507)[0m   [0;1mSHOW FIELDS FROM `referrals`[0m
  [4;35;1mReferral Load (0.000046)[0m   [0mSELECT * FROM `referrals` WHERE (`referrals`.`id` = 1) [0m
Rendering template within layouts/application
Rendering referrals/show
  [4;36;1mSQL (0.000044)[0m   [0;1mselect count(*), v.referer_host from visits v where v.referral_id = 1 group by v.referer_host[0m
  [4;35;1mMenuItem Load (0.000091)[0m   [0mSELECT * FROM `menu_items` WHERE (parent_id is null) ORDER BY menu_items.position, menu_items.title[0m
  [4;36;1mMenuItem Columns (0.000537)[0m   [0;1mSHOW FIELDS FROM `menu_items`[0m
  [4;35;1mMenuItem Load (0.000053)[0m   [0mSELECT * FROM `menu_items` WHERE (`menu_items`.parent_id = 2) [0m
  [4;36;1mMenuItem Load (0.000038)[0m   [0;1mSELECT * FROM `menu_items` WHERE (`menu_items`.parent_id = 3) [0m
  [4;35;1mMenuItem Load (0.000035)[0m   [0mSELECT * FROM `menu_items` WHERE (`menu_items`.parent_id = 4) [0m
Rendered menu_items/_menu_list (0.00074)
  [4;36;1mPage Columns (0.000527)[0m   [0;1mSHOW FIELDS FROM `pages`[0m
  [4;35;1mPage Load (0.000046)[0m   [0mSELECT * FROM `pages` WHERE (`pages`.`id` = 1) [0m
  [4;36;1mMenuItem Load (0.000046)[0m   [0;1mSELECT * FROM `menu_items` WHERE (`menu_items`.parent_id = 1) [0m
Rendered menu_items/_menu_list (0.01197)
Rendered menu_items/_menu (0.01992)
Completed in 0.04597 (21 reqs/sec) | Rendering: 0.02174 (47%) | DB: 0.00279 (6%) | 200 OK [http://localhost/referrals/1]


Processing ReferralsController#show (for 127.0.0.1 at 2008-06-06 11:19:40) [GET]
  Session ID: BAh7CjoMY3NyZl9pZCIlZjI5MjE2YzRmNDAzMDk0MTVjZjA0ZDdiOTliNmQw
MjA6DnJldHVybl90bzA6C3Zpc2l0cyIGMToMdXNlcl9pZGkGIgpmbGFzaElD
OidBY3Rpb25Db250cm9sbGVyOjpGbGFzaDo6Rmxhc2hIYXNoewAGOgpAdXNl
ZHsA--d0f2de93cf8a06b7193492257a49fbc1916e7707
  Parameters: {"action"=>"show", "id"=>"1", "controller"=>"referrals"}
  [4;35;1mUser Columns (0.000654)[0m   [0mSHOW FIELDS FROM `users`[0m
  [4;36;1mUser Load (0.000042)[0m   [0;1mSELECT * FROM `users` WHERE (`users`.`id` = 1) LIMIT 1[0m
  [4;35;1mReferral Columns (0.000497)[0m   [0mSHOW FIELDS FROM `referrals`[0m
  [4;36;1mReferral Load (0.000035)[0m   [0;1mSELECT * FROM `referrals` WHERE (`referrals`.`id` = 1) [0m
Rendering template within layouts/application
Rendering referrals/show
  [4;35;1mSQL (0.000363)[0m   [0mselect count(*), v.referer_host from visits v where v.referral_id = 1 group by v.referer_host[0m
  [4;36;1mMenuItem Load (0.000063)[0m   [0;1mSELECT * FROM `menu_items` WHERE (parent_id is null) ORDER BY menu_items.position, menu_items.title[0m
  [4;35;1mMenuItem Columns (0.000512)[0m   [0mSHOW FIELDS FROM `menu_items`[0m
  [4;36;1mMenuItem Load (0.000060)[0m   [0;1mSELECT * FROM `menu_items` WHERE (`menu_items`.parent_id = 2) [0m
  [4;35;1mMenuItem Load (0.000044)[0m   [0mSELECT * FROM `menu_items` WHERE (`menu_items`.parent_id = 3) [0m
  [4;36;1mMenuItem Load (0.000047)[0m   [0;1mSELECT * FROM `menu_items` WHERE (`menu_items`.parent_id = 4) [0m
Rendered menu_items/_menu_list (0.00080)
  [4;35;1mPage Columns (0.000486)[0m   [0mSHOW FIELDS FROM `pages`[0m
  [4;36;1mPage Load (0.000036)[0m   [0;1mSELECT * FROM `pages` WHERE (`pages`.`id` = 1) [0m
  [4;35;1mMenuItem Load (0.000031)[0m   [0mSELECT * FROM `menu_items` WHERE (`menu_items`.parent_id = 1) [0m
Rendered menu_items/_menu_list (0.01207)
Rendered menu_items/_menu (0.01963)
Completed in 0.04207 (23 reqs/sec) | Rendering: 0.02153 (51%) | DB: 0.00287 (6%) | 200 OK [http://localhost/referrals/1]


Processing ReferralsController#show (for 127.0.0.1 at 2008-06-06 11:21:24) [GET]
  Session ID: BAh7CjoOcmV0dXJuX3RvMDoMY3NyZl9pZCIlZjI5MjE2YzRmNDAzMDk0MTVj
ZjA0ZDdiOTliNmQwMjA6C3Zpc2l0cyIGMSIKZmxhc2hJQzonQWN0aW9uQ29u
dHJvbGxlcjo6Rmxhc2g6OkZsYXNoSGFzaHsABjoKQHVzZWR7ADoMdXNlcl9p
ZGkG--61fa845abfe48d0b69d2b18e2c281ca3831418d7
  Parameters: {"action"=>"show", "id"=>"1", "controller"=>"referrals"}
  [4;36;1mUser Columns (0.001082)[0m   [0;1mSHOW FIELDS FROM `users`[0m
  [4;35;1mUser Load (0.000082)[0m   [0mSELECT * FROM `users` WHERE (`users`.`id` = 1) LIMIT 1[0m
  [4;36;1mReferral Columns (0.000886)[0m   [0;1mSHOW FIELDS FROM `referrals`[0m
  [4;35;1mReferral Load (0.000055)[0m   [0mSELECT * FROM `referrals` WHERE (`referrals`.`id` = 1) [0m
Rendering template within layouts/application
Rendering referrals/show
  [4;36;1mSQL (0.000534)[0m   [0;1mselect count(*), v.referer_host from visits v where v.referral_id = 1 group by v.referer_host[0m
  [4;35;1mMenuItem Load (0.000074)[0m   [0mSELECT * FROM `menu_items` WHERE (parent_id is null) ORDER BY menu_items.position, menu_items.title[0m
  [4;36;1mMenuItem Columns (0.000556)[0m   [0;1mSHOW FIELDS FROM `menu_items`[0m
  [4;35;1mMenuItem Load (0.000044)[0m   [0mSELECT * FROM `menu_items` WHERE (`menu_items`.parent_id = 2) [0m
  [4;36;1mMenuItem Load (0.000041)[0m   [0;1mSELECT * FROM `menu_items` WHERE (`menu_items`.parent_id = 3) [0m
  [4;35;1mMenuItem Load (0.000031)[0m   [0mSELECT * FROM `menu_items` WHERE (`menu_items`.parent_id = 4) [0m
Rendered menu_items/_menu_list (0.00078)
  [4;36;1mPage Columns (0.000602)[0m   [0;1mSHOW FIELDS FROM `pages`[0m
  [4;35;1mPage Load (0.000045)[0m   [0mSELECT * FROM `pages` WHERE (`pages`.`id` = 1) [0m
  [4;36;1mMenuItem Load (0.000045)[0m   [0;1mSELECT * FROM `menu_items` WHERE (`menu_items`.parent_id = 1) [0m
Rendered menu_items/_menu_list (0.01295)
Rendered menu_items/_menu (0.07752)
Completed in 0.11891 (8 reqs/sec) | Rendering: 0.08047 (67%) | DB: 0.00408 (3%) | 200 OK [http://localhost/referrals/1]


Processing ReferralsController#show (for 127.0.0.1 at 2008-06-06 11:22:59) [GET]
  Session ID: BAh7CjoMY3NyZl9pZCIlZjI5MjE2YzRmNDAzMDk0MTVjZjA0ZDdiOTliNmQw
MjA6DnJldHVybl90bzA6C3Zpc2l0cyIGMToMdXNlcl9pZGkGIgpmbGFzaElD
OidBY3Rpb25Db250cm9sbGVyOjpGbGFzaDo6Rmxhc2hIYXNoewAGOgpAdXNl
ZHsA--d0f2de93cf8a06b7193492257a49fbc1916e7707
  Parameters: {"action"=>"show", "id"=>"1", "controller"=>"referrals"}
  [4;35;1mUser Columns (0.001011)[0m   [0mSHOW FIELDS FROM `users`[0m
  [4;36;1mUser Load (0.000069)[0m   [0;1mSELECT * FROM `users` WHERE (`users`.`id` = 1) LIMIT 1[0m
  [4;35;1mReferral Columns (0.000565)[0m   [0mSHOW FIELDS FROM `referrals`[0m
  [4;36;1mReferral Load (0.000036)[0m   [0;1mSELECT * FROM `referrals` WHERE (`referrals`.`id` = 1) [0m
Rendering template within layouts/application
Rendering referrals/show
  [4;35;1mSQL (0.000038)[0m   [0mselect count(*), v.referer_host from visits v where v.referral_id = 1 group by v.referer_host[0m
  [4;36;1mMenuItem Load (0.000061)[0m   [0;1mSELECT * FROM `menu_items` WHERE (parent_id is null) ORDER BY menu_items.position, menu_items.title[0m
  [4;35;1mMenuItem Columns (0.000502)[0m   [0mSHOW FIELDS FROM `menu_items`[0m
  [4;36;1mMenuItem Load (0.000044)[0m   [0;1mSELECT * FROM `menu_items` WHERE (`menu_items`.parent_id = 2) [0m
  [4;35;1mMenuItem Load (0.000034)[0m   [0mSELECT * FROM `menu_items` WHERE (`menu_items`.parent_id = 3) [0m
  [4;36;1mMenuItem Load (0.000030)[0m   [0;1mSELECT * FROM `menu_items` WHERE (`menu_items`.parent_id = 4) [0m
Rendered menu_items/_menu_list (0.00070)
  [4;35;1mPage Columns (0.000464)[0m   [0mSHOW FIELDS FROM `pages`[0m
  [4;36;1mPage Load (0.000035)[0m   [0;1mSELECT * FROM `pages` WHERE (`pages`.`id` = 1) [0m
  [4;35;1mMenuItem Load (0.000032)[0m   [0mSELECT * FROM `menu_items` WHERE (`menu_items`.parent_id = 1) [0m
Rendered menu_items/_menu_list (0.01145)
Rendered menu_items/_menu (0.01807)
Completed in 0.04310 (23 reqs/sec) | Rendering: 0.02005 (46%) | DB: 0.00292 (6%) | 200 OK [http://localhost/referrals/1]


Processing ReferralsController#show (for 127.0.0.1 at 2008-06-06 11:24:07) [GET]
  Session ID: BAh7CjoOcmV0dXJuX3RvMDoMY3NyZl9pZCIlZjI5MjE2YzRmNDAzMDk0MTVj
ZjA0ZDdiOTliNmQwMjA6C3Zpc2l0cyIGMSIKZmxhc2hJQzonQWN0aW9uQ29u
dHJvbGxlcjo6Rmxhc2g6OkZsYXNoSGFzaHsABjoKQHVzZWR7ADoMdXNlcl9p
ZGkG--61fa845abfe48d0b69d2b18e2c281ca3831418d7
  Parameters: {"action"=>"show", "id"=>"1", "controller"=>"referrals"}
  [4;36;1mUser Columns (0.000639)[0m   [0;1mSHOW FIELDS FROM `users`[0m
  [4;35;1mUser Load (0.000041)[0m   [0mSELECT * FROM `users` WHERE (`users`.`id` = 1) LIMIT 1[0m
  [4;36;1mReferral Columns (0.000491)[0m   [0;1mSHOW FIELDS FROM `referrals`[0m
  [4;35;1mReferral Load (0.000035)[0m   [0mSELECT * FROM `referrals` WHERE (`referrals`.`id` = 1) [0m
Rendering template within layouts/application
Rendering referrals/show
  [4;36;1mSQL (0.000036)[0m   [0;1mselect count(*), v.referer_host from visits v where v.referral_id = 1 group by v.referer_host[0m
  [4;35;1mMenuItem Load (0.000089)[0m   [0mSELECT * FROM `menu_items` WHERE (parent_id is null) ORDER BY menu_items.position, menu_items.title[0m
  [4;36;1mMenuItem Columns (0.000533)[0m   [0;1mSHOW FIELDS FROM `menu_items`[0m
  [4;35;1mMenuItem Load (0.000043)[0m   [0mSELECT * FROM `menu_items` WHERE (`menu_items`.parent_id = 2) [0m
  [4;36;1mMenuItem Load (0.000035)[0m   [0;1mSELECT * FROM `menu_items` WHERE (`menu_items`.parent_id = 3) [0m
  [4;35;1mMenuItem Load (0.000031)[0m   [0mSELECT * FROM `menu_items` WHERE (`menu_items`.parent_id = 4) [0m
Rendered menu_items/_menu_list (0.00071)
  [4;36;1mPage Columns (0.000448)[0m   [0;1mSHOW FIELDS FROM `pages`[0m
  [4;35;1mPage Load (0.000036)[0m   [0mSELECT * FROM `pages` WHERE (`pages`.`id` = 1) [0m
  [4;36;1mMenuItem Load (0.000032)[0m   [0;1mSELECT * FROM `menu_items` WHERE (`menu_items`.parent_id = 1) [0m
Rendered menu_items/_menu_list (0.01159)
Rendered menu_items/_menu (0.01864)
Completed in 0.03997 (25 reqs/sec) | Rendering: 0.02063 (51%) | DB: 0.00249 (6%) | 200 OK [http://localhost/referrals/1]


Processing ReferralsController#show (for 127.0.0.1 at 2008-06-06 11:24:41) [GET]
  Session ID: BAh7CjoMY3NyZl9pZCIlZjI5MjE2YzRmNDAzMDk0MTVjZjA0ZDdiOTliNmQw
MjA6DnJldHVybl90bzA6C3Zpc2l0cyIGMToMdXNlcl9pZGkGIgpmbGFzaElD
OidBY3Rpb25Db250cm9sbGVyOjpGbGFzaDo6Rmxhc2hIYXNoewAGOgpAdXNl
ZHsA--d0f2de93cf8a06b7193492257a49fbc1916e7707
  Parameters: {"action"=>"show", "id"=>"1", "controller"=>"referrals"}
  [4;35;1mUser Columns (0.000944)[0m   [0mSHOW FIELDS FROM `users`[0m
  [4;36;1mUser Load (0.000051)[0m   [0;1mSELECT * FROM `users` WHERE (`users`.`id` = 1) LIMIT 1[0m
  [4;35;1mReferral Columns (0.000522)[0m   [0mSHOW FIELDS FROM `referrals`[0m
  [4;36;1mReferral Load (0.000036)[0m   [0;1mSELECT * FROM `referrals` WHERE (`referrals`.`id` = 1) [0m
Rendering template within layouts/application
Rendering referrals/show
  [4;35;1mSQL (0.000039)[0m   [0mselect count(*), v.referer_host from visits v where v.referral_id = 1 group by v.referer_host[0m
  [4;36;1mMenuItem Load (0.000082)[0m   [0;1mSELECT * FROM `menu_items` WHERE (parent_id is null) ORDER BY menu_items.position, menu_items.title[0m
  [4;35;1mMenuItem Columns (0.000563)[0m   [0mSHOW FIELDS FROM `menu_items`[0m
  [4;36;1mMenuItem Load (0.000048)[0m   [0;1mSELECT * FROM `menu_items` WHERE (`menu_items`.parent_id = 2) [0m
  [4;35;1mMenuItem Load (0.000034)[0m   [0mSELECT * FROM `menu_items` WHERE (`menu_items`.parent_id = 3) [0m
  [4;36;1mMenuItem Load (0.000030)[0m   [0;1mSELECT * FROM `menu_items` WHERE (`menu_items`.parent_id = 4) [0m
Rendered menu_items/_menu_list (0.00074)
  [4;35;1mPage Columns (0.000511)[0m   [0mSHOW FIELDS FROM `pages`[0m
  [4;36;1mPage Load (0.000053)[0m   [0;1mSELECT * FROM `pages` WHERE (`pages`.`id` = 1) [0m
  [4;35;1mMenuItem Load (0.000038)[0m   [0mSELECT * FROM `menu_items` WHERE (`menu_items`.parent_id = 1) [0m
Rendered menu_items/_menu_list (0.01253)
Rendered menu_items/_menu (0.06924)
Completed in 0.09131 (10 reqs/sec) | Rendering: 0.07096 (77%) | DB: 0.00295 (3%) | 200 OK [http://localhost/referrals/1]


Processing ReferralsController#show (for 127.0.0.1 at 2008-06-06 11:25:00) [GET]
  Session ID: BAh7CjoOcmV0dXJuX3RvMDoMY3NyZl9pZCIlZjI5MjE2YzRmNDAzMDk0MTVj
ZjA0ZDdiOTliNmQwMjA6C3Zpc2l0cyIGMSIKZmxhc2hJQzonQWN0aW9uQ29u
dHJvbGxlcjo6Rmxhc2g6OkZsYXNoSGFzaHsABjoKQHVzZWR7ADoMdXNlcl9p
ZGkG--61fa845abfe48d0b69d2b18e2c281ca3831418d7
  Parameters: {"action"=>"show", "id"=>"1", "controller"=>"referrals"}
  [4;36;1mUser Columns (0.000633)[0m   [0;1mSHOW FIELDS FROM `users`[0m
  [4;35;1mUser Load (0.000050)[0m   [0mSELECT * FROM `users` WHERE (`users`.`id` = 1) LIMIT 1[0m
  [4;36;1mReferral Columns (0.000505)[0m   [0;1mSHOW FIELDS FROM `referrals`[0m
  [4;35;1mReferral Load (0.000036)[0m   [0mSELECT * FROM `referrals` WHERE (`referrals`.`id` = 1) [0m
Rendering template within layouts/application
Rendering referrals/show
  [4;36;1mSQL (0.000034)[0m   [0;1mselect count(*), v.referer_host from visits v where v.referral_id = 1 group by v.referer_host[0m
  [4;35;1mMenuItem Load (0.000051)[0m   [0mSELECT * FROM `menu_items` WHERE (parent_id is null) ORDER BY menu_items.position, menu_items.title[0m
  [4;36;1mMenuItem Columns (0.000501)[0m   [0;1mSHOW FIELDS FROM `menu_items`[0m
  [4;35;1mMenuItem Load (0.000044)[0m   [0mSELECT * FROM `menu_items` WHERE (`menu_items`.parent_id = 2) [0m
  [4;36;1mMenuItem Load (0.000034)[0m   [0;1mSELECT * FROM `menu_items` WHERE (`menu_items`.parent_id = 3) [0m
  [4;35;1mMenuItem Load (0.000053)[0m   [0mSELECT * FROM `menu_items` WHERE (`menu_items`.parent_id = 4) [0m
Rendered menu_items/_menu_list (0.00076)
  [4;36;1mPage Columns (0.000472)[0m   [0;1mSHOW FIELDS FROM `pages`[0m
  [4;35;1mPage Load (0.000034)[0m   [0mSELECT * FROM `pages` WHERE (`pages`.`id` = 1) [0m
  [4;36;1mMenuItem Load (0.000032)[0m   [0;1mSELECT * FROM `menu_items` WHERE (`menu_items`.parent_id = 1) [0m
Rendered menu_items/_menu_list (0.01155)
Rendered menu_items/_menu (0.01823)
Completed in 0.04104 (24 reqs/sec) | Rendering: 0.02010 (48%) | DB: 0.00248 (6%) | 200 OK [http://localhost/referrals/1]
